FILE_TYPE=LIBRARY_PARTS;
PRIMITIVE 'TLHG5420_ASZ','TLHG5420_ASZ_Other';
  PIN
    'K':
      PIN_NUMBER='(1)';
      NO_LOAD_CHECK=BOTH;
      NO_IO_CHECK=BOTH;
      ALLOW_CONNECT=TRUE;
      PINUSE='UNSPEC';
    'A':
      PIN_NUMBER='(2)';
      NO_LOAD_CHECK=BOTH;
      NO_IO_CHECK=BOTH;
      ALLOW_CONNECT=TRUE;
      PINUSE='UNSPEC';
  END_PIN;
  BODY
    PART_NAME='TLHG5420_ASZ';
    PHYS_DES_PREFIX='LED';
    NO_LOAD_CHECK='TRUE';
    PIN_COUNT='2';
    BODY_NAME='TLHG5420_ASZ';
    JEDEC_TYPE='TLHG5420ASZ';
  END_BODY;
END_PRIMITIVE;
END.
