FILE_TYPE=LIBRARY_PARTS;
PRIMITIVE 'K104K15X7RF5TH5','K104K15X7RF5TH5_Other';
  PIN
    '1':
      PIN_NUMBER='(1)';
      NO_LOAD_CHECK=BOTH;
      NO_IO_CHECK=BOTH;
      ALLOW_CONNECT=TRUE;
      PINUSE='UNSPEC';
    '2':
      PIN_NUMBER='(2)';
      NO_LOAD_CHECK=BOTH;
      NO_IO_CHECK=BOTH;
      ALLOW_CONNECT=TRUE;
      PINUSE='UNSPEC';
  END_PIN;
  BODY
    PART_NAME='K104K15X7RF5TH5';
    PHYS_DES_PREFIX='C';
    NO_LOAD_CHECK='TRUE';
    PIN_COUNT='2';
    BODY_NAME='K104K15X7RF5TH5';
    JEDEC_TYPE='K104K15X7RF5TH5';
  END_BODY;
END_PRIMITIVE;
END.
