FILE_TYPE=LIBRARY_PARTS;
PRIMITIVE 'MFR_25FTF52_600K','MFR_25FTF52_600K_Resistors, Axial Diameter Horizontal Mounting';
  PIN
    '1':
      PIN_NUMBER='(1)';
      NO_LOAD_CHECK=BOTH;
      NO_IO_CHECK=BOTH;
      ALLOW_CONNECT=TRUE;
      PINUSE='UNSPEC';
    '2':
      PIN_NUMBER='(2)';
      NO_LOAD_CHECK=BOTH;
      NO_IO_CHECK=BOTH;
      ALLOW_CONNECT=TRUE;
      PINUSE='UNSPEC';
  END_PIN;
  BODY
    PART_NAME='MFR_25FTF52_600K';
    PHYS_DES_PREFIX='R';
    NO_LOAD_CHECK='TRUE';
    PIN_COUNT='2';
    BODY_NAME='MFR_25FTF52_600K';
    JEDEC_TYPE='RESAD1590W60L630D240';
  END_BODY;
END_PRIMITIVE;
END.
