FILE_TYPE=LIBRARY_PARTS;
PRIMITIVE 'R82CC4470Z330J','R82CC4470Z330J_Other';
  PIN
    '1':
      PIN_NUMBER='(1)';
      NO_LOAD_CHECK=BOTH;
      NO_IO_CHECK=BOTH;
      ALLOW_CONNECT=TRUE;
      PINUSE='UNSPEC';
    '2':
      PIN_NUMBER='(2)';
      NO_LOAD_CHECK=BOTH;
      NO_IO_CHECK=BOTH;
      ALLOW_CONNECT=TRUE;
      PINUSE='UNSPEC';
  END_PIN;
  BODY
    PART_NAME='R82CC4470Z330J';
    PHYS_DES_PREFIX='C';
    NO_LOAD_CHECK='TRUE';
    PIN_COUNT='2';
    BODY_NAME='R82CC4470Z330J';
    JEDEC_TYPE='R82CC4470Z330J';
  END_BODY;
END_PRIMITIVE;
END.
