FILE_TYPE=LIBRARY_PARTS;
PRIMITIVE 'S202M29Z5UN63L6R','S202M29Z5UN63L6R_Other';
  PIN
    '1':
      PIN_NUMBER='(1)';
      NO_LOAD_CHECK=BOTH;
      NO_IO_CHECK=BOTH;
      ALLOW_CONNECT=TRUE;
      PINUSE='UNSPEC';
    '2':
      PIN_NUMBER='(2)';
      NO_LOAD_CHECK=BOTH;
      NO_IO_CHECK=BOTH;
      ALLOW_CONNECT=TRUE;
      PINUSE='UNSPEC';
  END_PIN;
  BODY
    PART_NAME='S202M29Z5UN63L6R';
    PHYS_DES_PREFIX='C';
    NO_LOAD_CHECK='TRUE';
    PIN_COUNT='2';
    BODY_NAME='S202M29Z5UN63L6R';
    JEDEC_TYPE='S202M29Z5UN63L6R';
  END_BODY;
END_PRIMITIVE;
END.
