FILE_TYPE=LIBRARY_PARTS;
PRIMITIVE 'AR211C333K4RTR1','AR211C333K4RTR1_Other';
  PIN
    '1':
      PIN_NUMBER='(1)';
      NO_LOAD_CHECK=BOTH;
      NO_IO_CHECK=BOTH;
      ALLOW_CONNECT=TRUE;
      PINUSE='UNSPEC';
    '2':
      PIN_NUMBER='(2)';
      NO_LOAD_CHECK=BOTH;
      NO_IO_CHECK=BOTH;
      ALLOW_CONNECT=TRUE;
      PINUSE='UNSPEC';
  END_PIN;
  BODY
    PART_NAME='AR211C333K4RTR1';
    PHYS_DES_PREFIX='C';
    NO_LOAD_CHECK='TRUE';
    PIN_COUNT='2';
    BODY_NAME='AR211C333K4RTR1';
    JEDEC_TYPE='AR211C333K4RTR1';
  END_BODY;
END_PRIMITIVE;
END.
